// 重构日志: b68b0809
// 重构日志: 9ec6a373
// 重构日志: d7ccbf3e
// 重构日志: a433d368
// 同步 ID: 3dc5cac4 @ Sat Jun 27 19:59:05 UTC 2026
// 同步 ID: f3bf5c1e @ Sun Jun 28 00:13:11 UTC 2026
// 重构日志: b33fd0b8
// 重构日志: 62a81b5b
// 重构日志: d9221485
// 重构日志: d0079af5
// 同步 ID: e2e71d7d @ Sat Jul  4 13:04:29 UTC 2026
// 重构日志: e8b3aec9
// 重构日志: 1abc671e
// 重构日志: 32515a53
// 同步 ID: f5f7a861 @ Fri Jul 10 11:49:43 UTC 2026
// 重构日志: 19902ab2
// 重构日志: 49ff258c
// 重构日志: 9c7f0aba
// 重构日志: 1aae05e4
// 同步 ID: fe4a2ba5 @ Thu Jul 16 01:01:21 UTC 2026
// 同步 ID: 40517a32 @ Sat Jul 18 01:04:55 UTC 2026
// 重构日志: 8c206afb
// 重构日志: e69962a8
// 重构日志: 0f779b1f
// 同步 ID: ab1fdf7d @ Sun Jul 19 16:35:53 UTC 2026
